c:\hooman\gbc\game2002\s4-game2002-t163\week 2\cplusplusdemos\2 - explicitconstructor\debug\vc141.pdb
c:\hooman\gbc\game2002\s4-game2002-t163\week 2\cplusplusdemos\2 - explicitconstructor\debug\vc141.idb
c:\hooman\gbc\game2002\s4-game2002-t163\week 2\cplusplusdemos\2 - explicitconstructor\debug\box2.obj
c:\hooman\gbc\game2002\s4-game2002-t163\week 2\cplusplusdemos\2 - explicitconstructor\debug\main.obj
c:\hooman\gbc\game2002\s4-game2002-t163\week 2\cplusplusdemos\debug\2 - explicitconstructor.ilk
c:\hooman\gbc\game2002\s4-game2002-t163\week 2\cplusplusdemos\debug\2 - explicitconstructor.exe
c:\hooman\gbc\game2002\s4-game2002-t163\week 2\cplusplusdemos\debug\2 - explicitconstructor.pdb
c:\hooman\gbc\s4-game2002-t163\s4-game2002-t163\week 2\cplusplusdemos\2 - explicitconstructor\debug\box2.obj
c:\hooman\gbc\s4-game2002-t163\s4-game2002-t163\week 2\cplusplusdemos\2 - explicitconstructor\debug\main.obj
c:\hooman\gbc\s4-game2002-t163\s4-game2002-t163\week 2\cplusplusdemos\2 - explicitconstructor\debug\vc141.idb
c:\hooman\gbc\s4-game2002-t163\s4-game2002-t163\week 2\cplusplusdemos\2 - explicitconstructor\debug\vc141.pdb
c:\hooman\gbc\s4-game2002-t163\s4-game2002-t163\week 2\cplusplusdemos\debug\2 - explicitconstructor.pdb
c:\hooman\gbc\s4-game2002-t163\s4-game2002-t163\week 2\cplusplusdemos\debug\2 - explicitconstructor.exe
c:\hooman\gbc\s4-game2002-t163\s4-game2002-t163\week 2\cplusplusdemos\debug\2 - explicitconstructor.ilk
c:\hooman\gbc\s4-game2002-t163\s4-game2002-t163\week 2\cplusplusdemos\2 - explicitconstructor\debug\2 - expl.90bfd22a.tlog\cl.command.1.tlog
c:\hooman\gbc\s4-game2002-t163\s4-game2002-t163\week 2\cplusplusdemos\2 - explicitconstructor\debug\2 - expl.90bfd22a.tlog\cl.read.1.tlog
c:\hooman\gbc\s4-game2002-t163\s4-game2002-t163\week 2\cplusplusdemos\2 - explicitconstructor\debug\2 - expl.90bfd22a.tlog\cl.write.1.tlog
c:\hooman\gbc\s4-game2002-t163\s4-game2002-t163\week 2\cplusplusdemos\2 - explicitconstructor\debug\2 - expl.90bfd22a.tlog\link.command.1.tlog
c:\hooman\gbc\s4-game2002-t163\s4-game2002-t163\week 2\cplusplusdemos\2 - explicitconstructor\debug\2 - expl.90bfd22a.tlog\link.read.1.tlog
c:\hooman\gbc\s4-game2002-t163\s4-game2002-t163\week 2\cplusplusdemos\2 - explicitconstructor\debug\2 - expl.90bfd22a.tlog\link.write.1.tlog
