  Player2.cpp
  game.cpp
c:\hooman\gbc\s4-game2002-t163\game2002-t163-2019\week4\sfmlweek4 - project 3 - entity\sfmlweek1- project 0\game.cpp(141): warning C4305: '-=': truncation from 'double' to 'T'
          with
          [
              T=float
          ]
  main.cpp
  Generating Code...
  SFMLWeek1- Project 0.vcxproj -> C:\Hooman\GBC\S4-GAME2002-T163\GAME2002-T163-2019\Week4\SFMLWeek4 - Project 3 - Entity\x64\Debug\SFMLWeek1- Project 0.exe
  C:\Hooman\GBC\S4-GAME2002-T163\GAME2002-T163-2019\Week4\SFMLWeek4 - Project 3 - Entity\\..\..\SFML-2.5.1\bin\openal32.dll
  C:\Hooman\GBC\S4-GAME2002-T163\GAME2002-T163-2019\Week4\SFMLWeek4 - Project 3 - Entity\\..\..\SFML-2.5.1\bin\sfml-audio-2.dll
  C:\Hooman\GBC\S4-GAME2002-T163\GAME2002-T163-2019\Week4\SFMLWeek4 - Project 3 - Entity\\..\..\SFML-2.5.1\bin\sfml-audio-d-2.dll
  C:\Hooman\GBC\S4-GAME2002-T163\GAME2002-T163-2019\Week4\SFMLWeek4 - Project 3 - Entity\\..\..\SFML-2.5.1\bin\sfml-graphics-2.dll
  C:\Hooman\GBC\S4-GAME2002-T163\GAME2002-T163-2019\Week4\SFMLWeek4 - Project 3 - Entity\\..\..\SFML-2.5.1\bin\sfml-graphics-d-2.dll
  C:\Hooman\GBC\S4-GAME2002-T163\GAME2002-T163-2019\Week4\SFMLWeek4 - Project 3 - Entity\\..\..\SFML-2.5.1\bin\sfml-network-2.dll
  C:\Hooman\GBC\S4-GAME2002-T163\GAME2002-T163-2019\Week4\SFMLWeek4 - Project 3 - Entity\\..\..\SFML-2.5.1\bin\sfml-network-d-2.dll
  C:\Hooman\GBC\S4-GAME2002-T163\GAME2002-T163-2019\Week4\SFMLWeek4 - Project 3 - Entity\\..\..\SFML-2.5.1\bin\sfml-system-2.dll
  C:\Hooman\GBC\S4-GAME2002-T163\GAME2002-T163-2019\Week4\SFMLWeek4 - Project 3 - Entity\\..\..\SFML-2.5.1\bin\sfml-system-d-2.dll
  C:\Hooman\GBC\S4-GAME2002-T163\GAME2002-T163-2019\Week4\SFMLWeek4 - Project 3 - Entity\\..\..\SFML-2.5.1\bin\sfml-window-2.dll
  C:\Hooman\GBC\S4-GAME2002-T163\GAME2002-T163-2019\Week4\SFMLWeek4 - Project 3 - Entity\\..\..\SFML-2.5.1\bin\sfml-window-d-2.dll
  11 File(s) copied
